<?xml version="1.0" encoding="UTF-8"?>
<!-- Generated by org.testng.reporters.JUnitReportReporter -->
<testsuite hostname="WKWIN9878958" failures="0" tests="1" name="SumValidation" time="1.910" errors="0" timestamp="2024-09-03T15:41:12 IST" skipped="0">
  <testcase classname="SumValidation" name="sumOfCourses" time="1.910"/>
</testsuite> <!-- SumValidation -->
