<?xml version="1.0" encoding="UTF-8"?>
<!-- Generated by org.testng.reporters.JUnitReportReporter -->
<testsuite hostname="WKWIN9878958" failures="0" tests="3" name="DynamicJson" time="4.002" errors="0" timestamp="2024-09-05T05:22:17 IST" skipped="0">
  <testcase classname="DynamicJson" name="addBook" time="0.205"/>
  <testcase classname="DynamicJson" name="addBook" time="0.215"/>
  <testcase classname="DynamicJson" name="addBook" time="3.582"/>
</testsuite> <!-- DynamicJson -->
